<?xml version="1.0" encoding="UTF-8"?>
<testng-results skipped="0" failed="0" ignored="0" total="1" passed="1">
  <reporter-output>
  </reporter-output>
  <suite name="Default suite" duration-ms="9640" started-at="2018-07-27T19:10:59Z" finished-at="2018-07-27T19:11:09Z">
    <groups>
    </groups>
    <test name="Default test" duration-ms="9640" started-at="2018-07-27T19:10:59Z" finished-at="2018-07-27T19:11:09Z">
      <class name="BijenderTech.TestClass_Test">
        <test-method status="PASS" signature="startTestSession()[pri:0, instance:BijenderTech.TestClass_Test@1b604f19]" name="startTestSession" is-config="true" duration-ms="5148" started-at="2018-07-27T19:10:59Z" finished-at="2018-07-27T19:11:04Z">
          <reporter-output>
          </reporter-output>
        </test-method> <!-- startTestSession -->
        <test-method status="PASS" signature="TestCase1_LaunchApplication()[pri:0, instance:BijenderTech.TestClass_Test@1b604f19]" name="TestCase1_LaunchApplication" duration-ms="4432" started-at="2018-07-27T19:11:04Z" finished-at="2018-07-27T19:11:09Z">
          <reporter-output>
          </reporter-output>
        </test-method> <!-- TestCase1_LaunchApplication -->
      </class> <!-- BijenderTech.TestClass_Test -->
    </test> <!-- Default test -->
  </suite> <!-- Default suite -->
</testng-results>
