<?xml version="1.0" encoding="UTF-8"?>
<!-- Generated by org.testng.reporters.JUnitXMLReporter -->
<testsuite hostname="LAPTOP-O4MQQSJF" ignored="0" name="Default test" tests="3" failures="0" timestamp="04 Aug 2018 16:32:01 GMT" time="4.023" errors="0">
  <testcase name="navigatetohomepage" time="2.085" classname="arrays.registerTestClass"/>
  <testcase name="navigateToRegisterPage" time="1.634" classname="arrays.registerTestClass"/>
  <testcase name="enterfirstname" time="0.258" classname="arrays.registerTestClass"/>
</testsuite> <!-- Default test -->
