<?xml version="1.0" encoding="UTF-8"?>
<testng-results skipped="0" failed="0" ignored="0" total="1" passed="1">
  <reporter-output>
  </reporter-output>
  <suite name="Default suite" duration-ms="32" started-at="2018-08-02T18:28:02Z" finished-at="2018-08-02T18:28:02Z">
    <groups>
    </groups>
    <test name="Default test" duration-ms="32" started-at="2018-08-02T18:28:02Z" finished-at="2018-08-02T18:28:02Z">
      <class name="learn.class4">
        <test-method status="PASS" signature="run()[pri:0, instance:learn.class4@56f4468b]" name="run" duration-ms="16" started-at="2018-08-02T18:28:02Z" finished-at="2018-08-02T18:28:02Z">
          <reporter-output>
          </reporter-output>
        </test-method> <!-- run -->
      </class> <!-- learn.class4 -->
    </test> <!-- Default test -->
  </suite> <!-- Default suite -->
</testng-results>
