<?xml version="1.0" encoding="UTF-8"?>
<testng-results skipped="0" failed="0" ignored="0" total="2" passed="2">
  <reporter-output>
  </reporter-output>
  <suite name="Default suite" duration-ms="10212" started-at="2019-08-29T08:50:56Z" finished-at="2019-08-29T08:51:06Z">
    <groups>
    </groups>
    <test name="Default test" duration-ms="10212" started-at="2019-08-29T08:50:56Z" finished-at="2019-08-29T08:51:06Z">
      <class name="mercuryWelcomeTest.homePageTest">
        <test-method status="PASS" signature="testrunSetup()[pri:0, instance:mercuryWelcomeTest.homePageTest@60bd273d]" name="testrunSetup" is-config="true" duration-ms="1482" started-at="2019-08-29T08:50:54Z" finished-at="2019-08-29T08:50:56Z">
          <reporter-output>
          </reporter-output>
        </test-method> <!-- testrunSetup -->
        <test-method status="PASS" signature="navigatetohomepage()[pri:0, instance:mercuryWelcomeTest.homePageTest@60bd273d]" name="navigatetohomepage" duration-ms="3143" started-at="2019-08-29T08:50:56Z" finished-at="2019-08-29T08:50:59Z">
          <reporter-output>
          </reporter-output>
        </test-method> <!-- navigatetohomepage -->
        <test-method status="PASS" signature="onFailure(org.testng.ITestResult, java.lang.reflect.Method)[pri:0, instance:mercuryWelcomeTest.homePageTest@60bd273d]" name="onFailure" is-config="true" duration-ms="2189" started-at="2019-08-29T08:50:59Z" finished-at="2019-08-29T08:51:01Z">
          <params>
            <param index="0">
              <value>
                <![CDATA[[TestResult name=navigatetohomepage status=SUCCESS method=homePageTest.navigatetohomepage()[pri:0, instance:mercuryWelcomeTest.homePageTest@60bd273d] output={null}]]]>
              </value>
            </param>
            <param index="1">
              <value>
                <![CDATA[public void mercuryWelcomeTest.homePageTest.navigatetohomepage() throws java.io.IOException,org.json.simple.parser.ParseException]]>
              </value>
            </param>
          </params>
          <reporter-output>
          </reporter-output>
        </test-method> <!-- onFailure -->
        <test-method status="PASS" signature="navigatetohomepage1()[pri:0, instance:mercuryWelcomeTest.homePageTest@60bd273d]" name="navigatetohomepage1" duration-ms="229" started-at="2019-08-29T08:51:01Z" depends-on-methods="mercuryWelcomeTest.homePageTest.navigatetohomepage" finished-at="2019-08-29T08:51:02Z">
          <reporter-output>
          </reporter-output>
        </test-method> <!-- navigatetohomepage1 -->
        <test-method status="PASS" signature="onFailure(org.testng.ITestResult, java.lang.reflect.Method)[pri:0, instance:mercuryWelcomeTest.homePageTest@60bd273d]" name="onFailure" is-config="true" duration-ms="4611" started-at="2019-08-29T08:51:02Z" finished-at="2019-08-29T08:51:06Z">
          <params>
            <param index="0">
              <value>
                <![CDATA[[TestResult name=navigatetohomepage1 status=SUCCESS method=homePageTest.navigatetohomepage1()[pri:0, instance:mercuryWelcomeTest.homePageTest@60bd273d] output={null}]]]>
              </value>
            </param>
            <param index="1">
              <value>
                <![CDATA[public void mercuryWelcomeTest.homePageTest.navigatetohomepage1()]]>
              </value>
            </param>
          </params>
          <reporter-output>
          </reporter-output>
        </test-method> <!-- onFailure -->
      </class> <!-- mercuryWelcomeTest.homePageTest -->
    </test> <!-- Default test -->
  </suite> <!-- Default suite -->
</testng-results>
