<?xml version="1.0" encoding="UTF-8"?>
<testng-results skipped="0" failed="0" ignored="0" total="8" passed="8">
  <reporter-output>
  </reporter-output>
  <suite name="Default suite" duration-ms="20787" started-at="2018-08-05T14:10:55Z" finished-at="2018-08-05T14:11:16Z">
    <groups>
    </groups>
    <test name="Default test" duration-ms="20787" started-at="2018-08-05T14:10:55Z" finished-at="2018-08-05T14:11:16Z">
      <class name="mercuryWelcomeTest.registerPageTest">
        <test-method status="PASS" signature="handleTestMethodName(java.lang.reflect.Method)[pri:0, instance:mercuryWelcomeTest.registerPageTest@54a7079e]" name="handleTestMethodName" is-config="true" duration-ms="32" started-at="2018-08-05T14:10:55Z" finished-at="2018-08-05T14:10:55Z">
          <params>
            <param index="0">
              <value>
                <![CDATA[public void mercuryWelcomeTest.registerPageTest.navigatetohomepage()]]>
              </value>
            </param>
          </params>
          <reporter-output>
          </reporter-output>
        </test-method> <!-- handleTestMethodName -->
        <test-method status="PASS" signature="navigatetohomepage()[pri:0, instance:mercuryWelcomeTest.registerPageTest@54a7079e]" name="navigatetohomepage" duration-ms="3492" started-at="2018-08-05T14:10:55Z" finished-at="2018-08-05T14:10:59Z">
          <reporter-output>
          </reporter-output>
        </test-method> <!-- navigatetohomepage -->
        <test-method status="PASS" signature="setupAfterTestMethod()[pri:0, instance:mercuryWelcomeTest.registerPageTest@54a7079e]" name="setupAfterTestMethod" is-config="true" duration-ms="0" started-at="2018-08-05T14:10:59Z" finished-at="2018-08-05T14:10:59Z">
          <reporter-output>
          </reporter-output>
        </test-method> <!-- setupAfterTestMethod -->
        <test-method status="PASS" signature="handleTestMethodName(java.lang.reflect.Method)[pri:0, instance:mercuryWelcomeTest.registerPageTest@54a7079e]" name="handleTestMethodName" is-config="true" duration-ms="0" started-at="2018-08-05T14:10:59Z" finished-at="2018-08-05T14:10:59Z">
          <params>
            <param index="0">
              <value>
                <![CDATA[public void mercuryWelcomeTest.registerPageTest.navigateToRegisterPage()]]>
              </value>
            </param>
          </params>
          <reporter-output>
          </reporter-output>
        </test-method> <!-- handleTestMethodName -->
        <test-method status="PASS" signature="navigateToRegisterPage()[pri:0, instance:mercuryWelcomeTest.registerPageTest@54a7079e]" name="navigateToRegisterPage" duration-ms="1225" started-at="2018-08-05T14:10:59Z" depends-on-methods="mercuryWelcomeTest.registerPageTest.navigatetohomepage" finished-at="2018-08-05T14:11:00Z">
          <reporter-output>
          </reporter-output>
        </test-method> <!-- navigateToRegisterPage -->
        <test-method status="PASS" signature="handleTestMethodName(java.lang.reflect.Method)[pri:0, instance:mercuryWelcomeTest.registerPageTest@54a7079e]" name="handleTestMethodName" is-config="true" duration-ms="2" started-at="2018-08-05T14:11:00Z" finished-at="2018-08-05T14:11:00Z">
          <params>
            <param index="0">
              <value>
                <![CDATA[public void mercuryWelcomeTest.registerPageTest.enterfirstname()]]>
              </value>
            </param>
          </params>
          <reporter-output>
          </reporter-output>
        </test-method> <!-- handleTestMethodName -->
        <test-method status="PASS" signature="setupAfterTestMethod()[pri:0, instance:mercuryWelcomeTest.registerPageTest@54a7079e]" name="setupAfterTestMethod" is-config="true" duration-ms="0" started-at="2018-08-05T14:11:00Z" finished-at="2018-08-05T14:11:00Z">
          <reporter-output>
          </reporter-output>
        </test-method> <!-- setupAfterTestMethod -->
        <test-method status="PASS" signature="enterfirstname()[pri:0, instance:mercuryWelcomeTest.registerPageTest@54a7079e]" name="enterfirstname" duration-ms="130" started-at="2018-08-05T14:11:00Z" depends-on-methods="mercuryWelcomeTest.registerPageTest.navigateToRegisterPage" finished-at="2018-08-05T14:11:00Z">
          <reporter-output>
          </reporter-output>
        </test-method> <!-- enterfirstname -->
        <test-method status="PASS" signature="handleTestMethodName(java.lang.reflect.Method)[pri:0, instance:mercuryWelcomeTest.registerPageTest@54a7079e]" name="handleTestMethodName" is-config="true" duration-ms="0" started-at="2018-08-05T14:11:00Z" finished-at="2018-08-05T14:11:00Z">
          <params>
            <param index="0">
              <value>
                <![CDATA[public void mercuryWelcomeTest.registerPageTest.enterlastname()]]>
              </value>
            </param>
          </params>
          <reporter-output>
          </reporter-output>
        </test-method> <!-- handleTestMethodName -->
        <test-method status="PASS" signature="setupAfterTestMethod()[pri:0, instance:mercuryWelcomeTest.registerPageTest@54a7079e]" name="setupAfterTestMethod" is-config="true" duration-ms="0" started-at="2018-08-05T14:11:00Z" finished-at="2018-08-05T14:11:00Z">
          <reporter-output>
          </reporter-output>
        </test-method> <!-- setupAfterTestMethod -->
        <test-method status="PASS" signature="enterlastname()[pri:0, instance:mercuryWelcomeTest.registerPageTest@54a7079e]" name="enterlastname" duration-ms="88" started-at="2018-08-05T14:11:00Z" depends-on-methods="mercuryWelcomeTest.registerPageTest.enterfirstname" finished-at="2018-08-05T14:11:00Z">
          <reporter-output>
          </reporter-output>
        </test-method> <!-- enterlastname -->
        <test-method status="PASS" signature="setupAfterTestMethod()[pri:0, instance:mercuryWelcomeTest.registerPageTest@54a7079e]" name="setupAfterTestMethod" is-config="true" duration-ms="0" started-at="2018-08-05T14:11:00Z" finished-at="2018-08-05T14:11:00Z">
          <reporter-output>
          </reporter-output>
        </test-method> <!-- setupAfterTestMethod -->
        <test-method status="PASS" signature="handleTestMethodName(java.lang.reflect.Method)[pri:0, instance:mercuryWelcomeTest.registerPageTest@54a7079e]" name="handleTestMethodName" is-config="true" duration-ms="0" started-at="2018-08-05T14:11:00Z" finished-at="2018-08-05T14:11:00Z">
          <params>
            <param index="0">
              <value>
                <![CDATA[public void mercuryWelcomeTest.registerPageTest.enterPhoneNumberAndEmail()]]>
              </value>
            </param>
          </params>
          <reporter-output>
          </reporter-output>
        </test-method> <!-- handleTestMethodName -->
        <test-method status="PASS" signature="enterPhoneNumberAndEmail()[pri:0, instance:mercuryWelcomeTest.registerPageTest@54a7079e]" name="enterPhoneNumberAndEmail" duration-ms="265" started-at="2018-08-05T14:11:00Z" depends-on-methods="mercuryWelcomeTest.registerPageTest.enterlastname" finished-at="2018-08-05T14:11:00Z">
          <reporter-output>
          </reporter-output>
        </test-method> <!-- enterPhoneNumberAndEmail -->
        <test-method status="PASS" signature="setupAfterTestMethod()[pri:0, instance:mercuryWelcomeTest.registerPageTest@54a7079e]" name="setupAfterTestMethod" is-config="true" duration-ms="0" started-at="2018-08-05T14:11:00Z" finished-at="2018-08-05T14:11:00Z">
          <reporter-output>
          </reporter-output>
        </test-method> <!-- setupAfterTestMethod -->
        <test-method status="PASS" signature="enterAddress()[pri:0, instance:mercuryWelcomeTest.registerPageTest@54a7079e]" name="enterAddress" duration-ms="543" started-at="2018-08-05T14:11:00Z" depends-on-methods="mercuryWelcomeTest.registerPageTest.enterPhoneNumberAndEmail" finished-at="2018-08-05T14:11:01Z">
          <reporter-output>
          </reporter-output>
        </test-method> <!-- enterAddress -->
        <test-method status="PASS" signature="handleTestMethodName(java.lang.reflect.Method)[pri:0, instance:mercuryWelcomeTest.registerPageTest@54a7079e]" name="handleTestMethodName" is-config="true" duration-ms="0" started-at="2018-08-05T14:11:00Z" finished-at="2018-08-05T14:11:00Z">
          <params>
            <param index="0">
              <value>
                <![CDATA[public void mercuryWelcomeTest.registerPageTest.enterAddress()]]>
              </value>
            </param>
          </params>
          <reporter-output>
          </reporter-output>
        </test-method> <!-- handleTestMethodName -->
        <test-method status="PASS" signature="setupAfterTestMethod()[pri:0, instance:mercuryWelcomeTest.registerPageTest@54a7079e]" name="setupAfterTestMethod" is-config="true" duration-ms="0" started-at="2018-08-05T14:11:01Z" finished-at="2018-08-05T14:11:01Z">
          <reporter-output>
          </reporter-output>
        </test-method> <!-- setupAfterTestMethod -->
        <test-method status="PASS" signature="handleTestMethodName(java.lang.reflect.Method)[pri:0, instance:mercuryWelcomeTest.registerPageTest@54a7079e]" name="handleTestMethodName" is-config="true" duration-ms="0" started-at="2018-08-05T14:11:01Z" finished-at="2018-08-05T14:11:01Z">
          <params>
            <param index="0">
              <value>
                <![CDATA[public void mercuryWelcomeTest.registerPageTest.enterLogincredentials()]]>
              </value>
            </param>
          </params>
          <reporter-output>
          </reporter-output>
        </test-method> <!-- handleTestMethodName -->
        <test-method status="PASS" signature="enterLogincredentials()[pri:0, instance:mercuryWelcomeTest.registerPageTest@54a7079e]" name="enterLogincredentials" duration-ms="14809" started-at="2018-08-05T14:11:01Z" depends-on-methods="mercuryWelcomeTest.registerPageTest.enterAddress" finished-at="2018-08-05T14:11:16Z">
          <reporter-output>
          </reporter-output>
        </test-method> <!-- enterLogincredentials -->
        <test-method status="PASS" signature="setupAfterTestMethod()[pri:0, instance:mercuryWelcomeTest.registerPageTest@54a7079e]" name="setupAfterTestMethod" is-config="true" duration-ms="0" started-at="2018-08-05T14:11:16Z" finished-at="2018-08-05T14:11:16Z">
          <reporter-output>
          </reporter-output>
        </test-method> <!-- setupAfterTestMethod -->
        <test-method status="PASS" signature="handleTestMethodName(java.lang.reflect.Method)[pri:0, instance:mercuryWelcomeTest.registerPageTest@54a7079e]" name="handleTestMethodName" is-config="true" duration-ms="0" started-at="2018-08-05T14:11:16Z" finished-at="2018-08-05T14:11:16Z">
          <params>
            <param index="0">
              <value>
                <![CDATA[public void mercuryWelcomeTest.registerPageTest.registerCOnfirmation()]]>
              </value>
            </param>
          </params>
          <reporter-output>
          </reporter-output>
        </test-method> <!-- handleTestMethodName -->
        <test-method status="PASS" signature="registerCOnfirmation()[pri:0, instance:mercuryWelcomeTest.registerPageTest@54a7079e]" name="registerCOnfirmation" duration-ms="119" started-at="2018-08-05T14:11:16Z" depends-on-methods="mercuryWelcomeTest.registerPageTest.enterLogincredentials" finished-at="2018-08-05T14:11:16Z">
          <reporter-output>
          </reporter-output>
        </test-method> <!-- registerCOnfirmation -->
        <test-method status="PASS" signature="setupAfterTestMethod()[pri:0, instance:mercuryWelcomeTest.registerPageTest@54a7079e]" name="setupAfterTestMethod" is-config="true" duration-ms="0" started-at="2018-08-05T14:11:16Z" finished-at="2018-08-05T14:11:16Z">
          <reporter-output>
          </reporter-output>
        </test-method> <!-- setupAfterTestMethod -->
      </class> <!-- mercuryWelcomeTest.registerPageTest -->
    </test> <!-- Default test -->
  </suite> <!-- Default suite -->
</testng-results>
