<?xml version="1.0" encoding="UTF-8"?>
<!-- Generated by org.testng.reporters.JUnitXMLReporter -->
<testsuite hostname="LAPTOP-O4MQQSJF" ignored="0" name="Test" tests="4" failures="0" timestamp="04 Aug 2018 18:27:56 GMT" time="6.195" errors="0">
  <testcase name="navigatetohomepage" time="2.096" classname="mercuryWelcomeTest.registerPageTest"/>
  <testcase name="navigateToRegisterPage" time="1.363" classname="mercuryWelcomeTest.registerPageTest"/>
  <testcase name="enterfirstname" time="0.284" classname="mercuryWelcomeTest.registerPageTest"/>
  <testcase name="navigatetohomepage" time="2.392" classname="mercuryWelcomeTest.homePageTest"/>
</testsuite> <!-- Test -->
