<?xml version="1.0" encoding="UTF-8"?>
<!-- Generated by org.testng.reporters.JUnitXMLReporter -->
<testsuite hostname="LAPTOP-O4MQQSJF" ignored="0" name="Default test" tests="3" failures="0" timestamp="04 Aug 2018 18:02:18 GMT" time="4.855" errors="0">
  <testcase name="navigatetohomepage" time="3.046" classname="backup.registerTestClass"/>
  <testcase name="navigateToRegisterPage" time="1.462" classname="backup.registerTestClass"/>
  <testcase name="enterfirstname" time="0.303" classname="backup.registerTestClass"/>
</testsuite> <!-- Default test -->
