<?xml version="1.0" encoding="UTF-8"?>
<!-- Generated by org.testng.reporters.JUnitXMLReporter -->
<testsuite hostname="LAPTOP-O4MQQSJF" ignored="0" name="Default test" tests="8" failures="0" timestamp="05 Aug 2018 14:11:17 GMT" time="20.787" errors="0">
  <testcase name="navigatetohomepage" time="3.492" classname="mercuryWelcomeTest.registerPageTest"/>
  <testcase name="navigateToRegisterPage" time="1.225" classname="mercuryWelcomeTest.registerPageTest"/>
  <testcase name="enterfirstname" time="0.13" classname="mercuryWelcomeTest.registerPageTest"/>
  <testcase name="enterlastname" time="0.088" classname="mercuryWelcomeTest.registerPageTest"/>
  <testcase name="enterPhoneNumberAndEmail" time="0.265" classname="mercuryWelcomeTest.registerPageTest"/>
  <testcase name="enterAddress" time="0.543" classname="mercuryWelcomeTest.registerPageTest"/>
  <testcase name="enterLogincredentials" time="14.809" classname="mercuryWelcomeTest.registerPageTest"/>
  <testcase name="registerCOnfirmation" time="0.119" classname="mercuryWelcomeTest.registerPageTest"/>
</testsuite> <!-- Default test -->
